
Showing logs for build [32mcb-kubecd-bdd-ghfjxy-1568811057-bpq25-1[0m stage [32mmeta-pipeline[0m and container [32mstep-credential-initializer-snjvc[0m
{"level":"warn","ts":1568811463.2482517,"logger":"fallback-logger","caller":"logging/config.go:69","msg":"Fetch GitHub commit ID from kodata failed: \"ref: refs/heads/master\" is not a valid GitHub commit ID"}
{"level":"info","ts":1568811463.2487092,"logger":"fallback-logger","caller":"creds-init/main.go:40","msg":"Credentials initialized."}

Showing logs for build [32mcb-kubecd-bdd-ghfjxy-1568811057-bpq25-1[0m stage [32mmeta-pipeline[0m and container [32mstep-working-dir-initializer-7cgrd[0m
{"level":"warn","ts":1568811464.6139677,"logger":"fallback-logger","caller":"logging/config.go:69","msg":"Fetch GitHub commit ID from kodata failed: open /var/run/ko/HEAD: no such file or directory"}
{"level":"info","ts":1568811464.6156142,"logger":"fallback-logger","caller":"bash/main.go:65","msg":"Successfully executed command \"mkdir -p /workspace/source\""}

Showing logs for build [32mcb-kubecd-bdd-ghfjxy-1568811057-bpq25-1[0m stage [32mmeta-pipeline[0m and container [32mstep-place-tools[0m

Showing logs for build [32mcb-kubecd-bdd-ghfjxy-1568811057-bpq25-1[0m stage [32mmeta-pipeline[0m and container [32mstep-git-source-meta-cb-kubecd-bdd-ghfjxy-15688-qxc78[0m
{"level":"warn","ts":1568811470.7367918,"logger":"fallback-logger","caller":"logging/config.go:69","msg":"Fetch GitHub commit ID from kodata failed: \"ref: refs/heads/master\" is not a valid GitHub commit ID"}
{"level":"info","ts":1568811471.8596866,"logger":"fallback-logger","caller":"git/git.go:102","msg":"Successfully cloned https://github.com/cb-kubecd/bdd-ghf**y-1568811057.git @ ef5b3c845e0f81f146790ff6f593a5d90f854155 in path /workspace/source"}

Showing logs for build [32mcb-kubecd-bdd-ghfjxy-1568811057-bpq25-1[0m stage [32mmeta-pipeline[0m and container [32mstep-git-merge[0m
Using SHAs from PULL_REFS=master:ef5b3c845e0f81f146790ff6f593a5d90f854155,1:421f75652b9c0e794a2a12b90955777b988b7793
DEBUG: ran git fetch --unshallow origin 421f75652b9c0e794a2a12b90955777b988b7793: ef5b3c845e0f81f146790ff6f593a5d90f854155: in 
DEBUG: ran git checkout master in 
DEBUG: ran git reset --hard ef5b3c845e0f81f146790ff6f593a5d90f854155 in 
DEBUG: ran clean --force -d . in 
DEBUG: ran git merge 421f75652b9c0e794a2a12b90955777b988b7793 in 
Merged SHA 421f75652b9c0e794a2a12b90955777b988b7793 with commit message 'My first PR commit' into base branch master

Showing logs for build [32mcb-kubecd-bdd-ghfjxy-1568811057-bpq25-1[0m stage [32mmeta-pipeline[0m and container [32mstep-merge-pull-refs[0m
DEBUG: ran git fetch origin 421f75652b9c0e794a2a12b90955777b988b7793: ef5b3c845e0f81f146790ff6f593a5d90f854155: in 
DEBUG: Unshallowed git repo in 
DEBUG: ran git checkout master in 
DEBUG: ran git reset --hard ef5b3c845e0f81f146790ff6f593a5d90f854155 in 
DEBUG: ran clean --force -d . in 
DEBUG: ran git merge 421f75652b9c0e794a2a12b90955777b988b7793 in 
Merged SHA 421f75652b9c0e794a2a12b90955777b988b7793 with commit message 'My first PR commit' into base branch master

Showing logs for build [32mcb-kubecd-bdd-ghfjxy-1568811057-bpq25-1[0m stage [32mmeta-pipeline[0m and container [32mstep-create-effective-pipeline[0m
Deleting and cloning the Jenkins X versions repo
Cloning the Jenkins X versions repo https://github.com/jenkins-x/jenkins-x-versions.git with ref refs/heads/master to /builder/home/.**/jenkins-x-versions
performing pack detection in folder /workspace/source
--> Draft detected YAML (67.752116%)
--> Could not find a pack for YAML. Trying to find the next likely language match...
--> Draft detected RPM Spec (14.854397%)
--> Could not find a pack for RPM Spec. Trying to find the next likely language match...
--> Draft detected Coq (6.799598%)
--> Could not find a pack for Coq. Trying to find the next likely language match...
--> Draft detected Smarty (3.701047%)
--> Could not find a pack for Smarty. Trying to find the next likely language match...
--> Draft detected Go (2.904892%)
selected pack: /builder/home/.**/draft/packs/github.com/jenkins-x-buildpacks/jenkins-x-kubernetes/packs/go
Effective pipeline written to jenkins-x-serverless-jenkins-effective.yml

Showing logs for build [32mcb-kubecd-bdd-ghfjxy-1568811057-bpq25-1[0m stage [32mmeta-pipeline[0m and container [32mstep-create-tekton-crds[0m
PipelineActivity for cb-kubecd-bdd-ghf**y-1568811057-PR-1-1
Applying changes 
upserted PipelineResource cb-kubecd-bdd-ghf**y-1568811057 for the git repository https://github.com/cb-kubecd/bdd-ghf**y-1568811057.git
upserted Task cb-kubecd-bdd-ghf**y-1568811057-bpq25-run-make-1
upserted Task cb-kubecd-bdd-ghf**y-1568811057-bpq25-everything-else-1
upserted Pipeline cb-kubecd-bdd-ghf**y-1568811057-bpq25-1
created PipelineRun cb-kubecd-bdd-ghf**y-1568811057-bpq25-1
created PipelineStructure cb-kubecd-bdd-ghf**y-1568811057-bpq25-1

Showing logs for build [32mcb-kubecd-bdd-ghfjxy-1568811057-bpq25-1[0m stage [32mrun-make[0m and container [32mstep-credential-initializer-7mrgw[0m
{"level":"warn","ts":1568811497.2033236,"logger":"fallback-logger","caller":"logging/config.go:69","msg":"Fetch GitHub commit ID from kodata failed: \"ref: refs/heads/master\" is not a valid GitHub commit ID"}
{"level":"info","ts":1568811497.2037528,"logger":"fallback-logger","caller":"creds-init/main.go:40","msg":"Credentials initialized."}

Showing logs for build [32mcb-kubecd-bdd-ghfjxy-1568811057-bpq25-1[0m stage [32mrun-make[0m and container [32mstep-working-dir-initializer-rg9t7[0m
{"level":"warn","ts":1568811497.6693146,"logger":"fallback-logger","caller":"logging/config.go:69","msg":"Fetch GitHub commit ID from kodata failed: open /var/run/ko/HEAD: no such file or directory"}
{"level":"info","ts":1568811497.6712725,"logger":"fallback-logger","caller":"bash/main.go:65","msg":"Successfully executed command \"mkdir -p /workspace/source\""}

Showing logs for build [32mcb-kubecd-bdd-ghfjxy-1568811057-bpq25-1[0m stage [32mrun-make[0m and container [32mstep-place-tools[0m

Showing logs for build [32mcb-kubecd-bdd-ghfjxy-1568811057-bpq25-1[0m stage [32mrun-make[0m and container [32mstep-git-source-cb-kubecd-bdd-ghfjxy-1568811057-cgqsq[0m
{"level":"warn","ts":1568811503.802887,"logger":"fallback-logger","caller":"logging/config.go:69","msg":"Fetch GitHub commit ID from kodata failed: \"ref: refs/heads/master\" is not a valid GitHub commit ID"}
{"level":"info","ts":1568811504.8785748,"logger":"fallback-logger","caller":"git/git.go:102","msg":"Successfully cloned https://github.com/cb-kubecd/bdd-ghf**y-1568811057.git @ master in path /workspace/source"}

Showing logs for build [32mcb-kubecd-bdd-ghfjxy-1568811057-bpq25-1[0m stage [32mrun-make[0m and container [32mstep-git-merge[0m
Using SHAs from PULL_REFS=master:ef5b3c845e0f81f146790ff6f593a5d90f854155,1:421f75652b9c0e794a2a12b90955777b988b7793
DEBUG: ran git fetch --unshallow origin 421f75652b9c0e794a2a12b90955777b988b7793: ef5b3c845e0f81f146790ff6f593a5d90f854155: in 
DEBUG: ran git checkout master in 
DEBUG: ran git reset --hard ef5b3c845e0f81f146790ff6f593a5d90f854155 in 
DEBUG: ran clean --force -d . in 
DEBUG: ran git merge 421f75652b9c0e794a2a12b90955777b988b7793 in 
Merged SHA 421f75652b9c0e794a2a12b90955777b988b7793 with commit message 'My first PR commit' into base branch master

Showing logs for build [32mcb-kubecd-bdd-ghfjxy-1568811057-bpq25-1[0m stage [32mrun-make[0m and container [32mstep-build-make-linux[0m
CGO_ENABLED=0 GOOS=linux GOARCH=amd64 GO15VENDOREXPERIMENT=1 go build -ldflags '' -o bin/bdd-ghf**y-1568811057 main.go

Showing logs for build [32mcb-kubecd-bdd-ghfjxy-1568811057-bpq25-1[0m stage [32mrun-make[0m and container [32mstep-source-mkdir-cb-kubecd-bdd-ghfjxy-1568811057-2mksn[0m
{"level":"warn","ts":1568811513.7701588,"logger":"fallback-logger","caller":"logging/config.go:69","msg":"Fetch GitHub commit ID from kodata failed: open /var/run/ko/HEAD: no such file or directory"}
{"level":"info","ts":1568811513.8410125,"logger":"fallback-logger","caller":"bash/main.go:65","msg":"Successfully executed command \"mkdir -p /pvc/run-make/workspace\""}

Showing logs for build [32mcb-kubecd-bdd-ghfjxy-1568811057-bpq25-1[0m stage [32mrun-make[0m and container [32mstep-source-copy-cb-kubecd-bdd-ghfjxy-1568811057-qstb6[0m
{"level":"warn","ts":1568811514.1194541,"logger":"fallback-logger","caller":"logging/config.go:69","msg":"Fetch GitHub commit ID from kodata failed: open /var/run/ko/HEAD: no such file or directory"}
{"level":"info","ts":1568811514.1353004,"logger":"fallback-logger","caller":"bash/main.go:65","msg":"Successfully executed command \"cp -r /workspace/source/. /pvc/run-make/workspace\""}

Showing logs for build [32mcb-kubecd-bdd-ghfjxy-1568811057-bpq25-1[0m stage [32meverything-else[0m and container [32mstep-credential-initializer-jg54p[0m
{"level":"warn","ts":1568811521.8857005,"logger":"fallback-logger","caller":"logging/config.go:69","msg":"Fetch GitHub commit ID from kodata failed: \"ref: refs/heads/master\" is not a valid GitHub commit ID"}
{"level":"info","ts":1568811521.8863833,"logger":"fallback-logger","caller":"creds-init/main.go:40","msg":"Credentials initialized."}

Showing logs for build [32mcb-kubecd-bdd-ghfjxy-1568811057-bpq25-1[0m stage [32meverything-else[0m and container [32mstep-working-dir-initializer-n9v6r[0m
{"level":"warn","ts":1568811522.9126441,"logger":"fallback-logger","caller":"logging/config.go:69","msg":"Fetch GitHub commit ID from kodata failed: open /var/run/ko/HEAD: no such file or directory"}
{"level":"info","ts":1568811522.9209259,"logger":"fallback-logger","caller":"bash/main.go:65","msg":"Successfully executed command \"mkdir -p /workspace/source /workspace/source/charts/preview\""}

Showing logs for build [32mcb-kubecd-bdd-ghfjxy-1568811057-bpq25-1[0m stage [32meverything-else[0m and container [32mstep-place-tools[0m

Showing logs for build [32mcb-kubecd-bdd-ghfjxy-1568811057-bpq25-1[0m stage [32meverything-else[0m and container [32mstep-create-dir-workspace-s8tbc[0m
{"level":"warn","ts":1568811529.982507,"logger":"fallback-logger","caller":"logging/config.go:69","msg":"Fetch GitHub commit ID from kodata failed: open /var/run/ko/HEAD: no such file or directory"}
{"level":"info","ts":1568811529.98509,"logger":"fallback-logger","caller":"bash/main.go:65","msg":"Successfully executed command \"mkdir -p /workspace/source\""}

Showing logs for build [32mcb-kubecd-bdd-ghfjxy-1568811057-bpq25-1[0m stage [32meverything-else[0m and container [32mstep-source-copy-workspace-jmtqp[0m
{"level":"warn","ts":1568811530.3447247,"logger":"fallback-logger","caller":"logging/config.go:69","msg":"Fetch GitHub commit ID from kodata failed: open /var/run/ko/HEAD: no such file or directory"}
{"level":"info","ts":1568811530.5801976,"logger":"fallback-logger","caller":"bash/main.go:65","msg":"Successfully executed command \"cp -r /pvc/run-make/workspace/. /workspace/source\""}

Showing logs for build [32mcb-kubecd-bdd-ghfjxy-1568811057-bpq25-1[0m stage [32meverything-else[0m and container [32mstep-build-container-build[0m
[36mINFO[0m[0000] No base image, nothing to extract            
[36mINFO[0m[0000] cmd: EXPOSE                                  
[36mINFO[0m[0000] Adding exposed port: 8080/tcp                
[36mINFO[0m[0000] Using files from context: [/workspace/source/bin] 
[36mINFO[0m[0000] Skipping unpacking as no commands require it. 
[36mINFO[0m[0000] Taking snapshot of full filesystem...        
[36mINFO[0m[0000] EXPOSE 8080                                  
[36mINFO[0m[0000] cmd: EXPOSE                                  
[36mINFO[0m[0000] Adding exposed port: 8080/tcp                
[36mINFO[0m[0000] No files changed in this command, skipping snapshotting. 
[36mINFO[0m[0000] ENTRYPOINT ["/bdd-ghf**y-1568811057"]        
[36mINFO[0m[0000] No files changed in this command, skipping snapshotting. 
[36mINFO[0m[0000] Using files from context: [/workspace/source/bin] 
[36mINFO[0m[0000] COPY ./bin/ /                                
[36mINFO[0m[0000] Taking snapshot of files...                  
2019/09/18 12:58:54 pushed blob: sha256:15871c9c234680f194912c4fbf259cfb5bf6313b3790cc241084d6bd483e17d0
2019/09/18 12:58:55 pushed blob: sha256:f059a50b1b5bed3451a4dee16b3dbb5352f8c4062934302822423309cf417f31
2019/09/18 12:58:57 gcr.io/jenkins-x-bdd3/bdd-ghf**y-1568811057:0.0.0-SNAPSHOT-PR-1-1: digest: sha256:f49a9dc7ae7af6cfa05e431272c818463b9fc0261ce81303fa9151174e771687 size: 428

Showing logs for build [32mcb-kubecd-bdd-ghfjxy-1568811057-bpq25-1[0m stage [32meverything-else[0m and container [32mstep-postbuild-post-build[0m
no CVE provider running in the current ** namespace so skip adding image to be analysed

Showing logs for build [32mcb-kubecd-bdd-ghfjxy-1568811057-bpq25-1[0m stage [32meverything-else[0m and container [32mstep-promote-make-preview[0m
sed -i -e "s/version:.*/version: 0.0.0-SNAPSHOT-PR-1-1/" Chart.yaml
sed -i -e "s/version:.*/version: 0.0.0-SNAPSHOT-PR-1-1/" ../*/Chart.yaml
sed -i -e "s|repository:.*|repository: gcr.io\/jenkins-x-bdd3\/bdd-ghf**y-1568811057|" values.yaml
sed -i -e "s/tag:.*/tag: 0.0.0-SNAPSHOT-PR-1-1/" values.yaml
echo "  version: 0.0.0-SNAPSHOT-PR-1-1" >> requirements.yaml
** step helm build
WARNING: No $CHART_REPOSITORY defined so using the default value of: http://jenkins-x-chartmuseum:8080
Adding missing Helm repo: storage.googleapis.com https://storage.googleapis.com/chartmuseum.jenkins-x.io
Successfully added Helm repository storage.googleapis.com.
Adding missing Helm repo: jenkins-x-chartmuseum http://jenkins-x-chartmuseum:8080
Successfully added Helm repository jenkins-x-chartmuseum.
WARNING: No $CHART_REPOSITORY defined so using the default value of: http://jenkins-x-chartmuseum:8080
Adding missing Helm repo: chartmuseum.jenkins-x.io http://chartmuseum.jenkins-x.io
Successfully added Helm repository chartmuseum.jenkins-x.io.

Showing logs for build [32mcb-kubecd-bdd-ghfjxy-1568811057-bpq25-1[0m stage [32meverything-else[0m and container [32mstep-promote-jx-preview[0m
Creating a preview
WARNING: No author for commit: 421f75652b9c0e794a2a12b90955777b988b7793
Created environment cb-kubecd-bdd-ghf**y-1568811057-pr-1
Namespace **-cb-kubecd-bdd-ghf**y-1568811057-pr-1 created 
expose:
  Annotations:
    helm.sh/hook: post-install,post-upgrade
    helm.sh/hook-delete-policy: hook-succeeded
  config:
    domain: 35.195.71.167.nip.io
    exposer: Ingress
    http: "true"
preview:
  image:
    repository: gcr.io/jenkins-x-bdd3/bdd-ghf**y-1568811057
    tag: 0.0.0-SNAPSHOT-PR-1-1
Deleting and cloning the Jenkins X versions repo
Cloning the Jenkins X versions repo https://github.com/jenkins-x/jenkins-x-versions.git with ref refs/heads/master to /builder/home/.**/jenkins-x-versions


Updating PipelineActivities cb-kubecd-bdd-ghf**y-1568811057-pr-1-1 which has status Running
Preview application is now available at: http://bdd-ghf**y-1568811057.**-cb-kubecd-bdd-ghf**y-1568811057-pr-1.35.195.71.167.nip.io
